빌드 시작: 2025-04-01 오후 2:35:47
로깅의 세부 정보 표시가 Normal(으)로 설정되었습니다.     1>2 노드의 "D:\SMGit\Hengine\HEngine\HHH\Window\Window.vcxproj" 프로젝트(Build 대상)입니다.
     1>PrepareForBuild:
         구조적 출력을 사용할 수 있습니다. 컴파일러 진단의 서식은 오류 계층 구조를 반영합니다. 자세한 내용은 https://aka.ms/cpp/structured-output을 참조하세요.
       InitializeBuildStatus:
         "D:\SMGit\Hengine\HEngine\HHH\Bin\x64\Release\Window\Window.tlog\unsuccessfulbuild"에 연결(touching)하고 있습니다.
     1>"D:\SMGit\Hengine\HEngine\HHH\Window\Window.vcxproj"(1) 프로젝트가 2 노드에서 "D:\SMGit\Hengine\HEngine\HHH\EngineHelper\EngineHelper.vcxproj"(2:3)을(를) 빌드하고 있습니다(GetProjectInfoForReference 대상).
     2>PrepareForBuild:
         구조적 출력을 사용할 수 있습니다. 컴파일러 진단의 서식은 오류 계층 구조를 반영합니다. 자세한 내용은 https://aka.ms/cpp/structured-output을 참조하세요.
     1>"D:\SMGit\Hengine\HEngine\HHH\Window\Window.vcxproj"(1) 프로젝트가 1 노드에서 "D:\SMGit\Hengine\HEngine\HHH\GameEngine\GameEngine.vcxproj"(4:3)을(를) 빌드하고 있습니다(GetProjectInfoForReference 대상).
     4>PrepareForBuild:
         구조적 출력을 사용할 수 있습니다. 컴파일러 진단의 서식은 오류 계층 구조를 반영합니다. 자세한 내용은 https://aka.ms/cpp/structured-output을 참조하세요.
     1>"D:\SMGit\Hengine\HEngine\HHH\Window\Window.vcxproj"(1) 프로젝트가 3 노드에서 "D:\SMGit\Hengine\HEngine\HHH\HDirect\HDirect.vcxproj"(3:3)을(를) 빌드하고 있습니다(GetProjectInfoForReference 대상).
     3>PrepareForBuild:
         구조적 출력을 사용할 수 있습니다. 컴파일러 진단의 서식은 오류 계층 구조를 반영합니다. 자세한 내용은 https://aka.ms/cpp/structured-output을 참조하세요.
     2>"D:\SMGit\Hengine\HEngine\HHH\EngineHelper\EngineHelper.vcxproj" 프로젝트를 빌드했습니다(GetProjectInfoForReference 대상).
     3>"D:\SMGit\Hengine\HEngine\HHH\HDirect\HDirect.vcxproj" 프로젝트를 빌드했습니다(GetProjectInfoForReference 대상).
     4>"D:\SMGit\Hengine\HEngine\HHH\GameEngine\GameEngine.vcxproj" 프로젝트를 빌드했습니다(GetProjectInfoForReference 대상).
     1>ClCompile:
         C:\Program Files\Microsoft Visual Studio\2022\Community\VC\Tools\MSVC\14.43.34808\bin\HostX64\x64\CL.exe /c /I..\include /Zi /nologo /W3 /WX- /diagnostics:column /sdl /O2 /Oi /GL /D NDEBUG /D _CONSOLE /D _MBCS /Gm- /EHsc /MD /GS /Gy /fp:precise /Zc:wchar_t /Zc:forScope /Zc:inline /std:c++20 /permissive- /Fo"D:\SMGit\Hengine\HEngine\HHH\Bin\x64\Release\Window\\" /Fd"D:\SMGit\Hengine\HEngine\HHH\Bin\x64\Release\Window\Window.pdb" /external:W3 /Gd /TP /FC /errorReport:prompt AppWindow.cpp Window.cpp
         AppWindow.cpp
         Window.cpp
       Lib:
         C:\Program Files\Microsoft Visual Studio\2022\Community\VC\Tools\MSVC\14.43.34808\bin\HostX64\x64\Lib.exe /OUT:"D:\SMGit\Hengine\HEngine\HHH\Bin\x64\Release\Window\Window.lib" /NOLOGO /MACHINE:X64 /LTCG D:\SMGit\Hengine\HEngine\HHH\Bin\x64\Release\Window\AppWindow.obj
         D:\SMGit\Hengine\HEngine\HHH\Bin\x64\Release\Window\Window.obj
         Window.vcxproj -> D:\SMGit\Hengine\HEngine\HHH\Bin\x64\Release\Window\Window.lib
       FinalizeBuildStatus:
         "D:\SMGit\Hengine\HEngine\HHH\Bin\x64\Release\Window\Window.tlog\unsuccessfulbuild" 파일을 삭제하고 있습니다.
         "D:\SMGit\Hengine\HEngine\HHH\Bin\x64\Release\Window\Window.tlog\Window.lastbuildstate"에 연결(touching)하고 있습니다.
     1>"D:\SMGit\Hengine\HEngine\HHH\Window\Window.vcxproj" 프로젝트를 빌드했습니다(Build 대상).

빌드했습니다.
    경고 0개
    오류 0개

경과 시간: 00:00:03.28
