d:\smgit\hengine\hengine\hengine\hengine\x64\debug\hengine.pch
d:\smgit\hengine\hengine\hengine\hengine\x64\debug\vc143.pdb
d:\smgit\hengine\hengine\hengine\hengine\x64\debug\vc143.idb
d:\smgit\hengine\hengine\hengine\hengine\x64\debug\pch.obj
d:\smgit\hengine\hengine\hengine\hengine\x64\debug\app.obj
d:\smgit\hengine\hengine\hengine\x64\debug\hengine.exe
d:\smgit\hengine\hengine\hengine\x64\debug\hengine.pdb
d:\smgit\hengine\hengine\hengine\hengine\x64\debug\hengine.res
d:\smgit\hengine\hengine\hengine\hengine\x64\debug\hengine.ilk
d:\smgit\hengine\hengine\hengine\hengine\x64\debug\hengine.tlog\cl.command.1.tlog
d:\smgit\hengine\hengine\hengine\hengine\x64\debug\hengine.tlog\cl.items.tlog
d:\smgit\hengine\hengine\hengine\hengine\x64\debug\hengine.tlog\cl.read.1.tlog
d:\smgit\hengine\hengine\hengine\hengine\x64\debug\hengine.tlog\cl.write.1.tlog
d:\smgit\hengine\hengine\hengine\hengine\x64\debug\hengine.tlog\link.command.1.tlog
d:\smgit\hengine\hengine\hengine\hengine\x64\debug\hengine.tlog\link.read.1.tlog
d:\smgit\hengine\hengine\hengine\hengine\x64\debug\hengine.tlog\link.secondary.1.tlog
d:\smgit\hengine\hengine\hengine\hengine\x64\debug\hengine.tlog\link.write.1.tlog
d:\smgit\hengine\hengine\hengine\hengine\x64\debug\hengine.tlog\rc.command.1.tlog
d:\smgit\hengine\hengine\hengine\hengine\x64\debug\hengine.tlog\rc.read.1.tlog
d:\smgit\hengine\hengine\hengine\hengine\x64\debug\hengine.tlog\rc.write.1.tlog
