빌드 시작: 2025-04-08 오후 9:13:04
로깅의 세부 정보 표시가 Normal(으)로 설정되었습니다.     1>2 노드의 "D:\SMGit\Hengine\HEngine\HHH\GameEngine\GameEngine.vcxproj" 프로젝트(Build 대상)입니다.
     1>PrepareForBuild:
         구조적 출력을 사용할 수 있습니다. 컴파일러 진단의 서식은 오류 계층 구조를 반영합니다. 자세한 내용은 https://aka.ms/cpp/structured-output을 참조하세요.
       InitializeBuildStatus:
         "AlwaysCreate"이(가) 지정되었기 때문에 "D:\SMGit\Hengine\HEngine\HHH\Bin\x64\Release\GameEngine\GameEngine.tlog\unsuccessfulbuild"을(를) 만들고 있습니다.
         "D:\SMGit\Hengine\HEngine\HHH\Bin\x64\Release\GameEngine\GameEngine.tlog\unsuccessfulbuild"에 연결(touching)하고 있습니다.
       ClCompile:
         C:\Program Files\Microsoft Visual Studio\2022\Community\VC\Tools\MSVC\14.43.34808\bin\HostX64\x64\CL.exe /c /Zi /nologo /W3 /WX- /diagnostics:column /sdl /O2 /Oi /GL /D NDEBUG /D _CONSOLE /D _MBCS /Gm- /EHsc /MD /GS /Gy /fp:precise /Zc:wchar_t /Zc:forScope /Zc:inline /std:c++20 /permissive- /Fo"D:\SMGit\Hengine\HEngine\HHH\Bin\x64\Release\GameEngine\\" /Fd"D:\SMGit\Hengine\HEngine\HHH\Bin\x64\Release\GameEngine\GameEngine.pdb" /external:W3 /Gd /TP /FC /errorReport:prompt Actor.cpp GameEngine.cpp
         Actor.cpp
         GameEngine.cpp
       Lib:
         C:\Program Files\Microsoft Visual Studio\2022\Community\VC\Tools\MSVC\14.43.34808\bin\HostX64\x64\Lib.exe /OUT:"D:\SMGit\Hengine\HEngine\HHH\Bin\x64\Release\GameEngine\GameEngine.lib" /NOLOGO /MACHINE:X64 /LTCG D:\SMGit\Hengine\HEngine\HHH\Bin\x64\Release\GameEngine\Actor.obj
         D:\SMGit\Hengine\HEngine\HHH\Bin\x64\Release\GameEngine\GameEngine.obj
         GameEngine.vcxproj -> D:\SMGit\Hengine\HEngine\HHH\Bin\x64\Release\GameEngine\GameEngine.lib
       FinalizeBuildStatus:
         "D:\SMGit\Hengine\HEngine\HHH\Bin\x64\Release\GameEngine\GameEngine.tlog\unsuccessfulbuild" 파일을 삭제하고 있습니다.
         "D:\SMGit\Hengine\HEngine\HHH\Bin\x64\Release\GameEngine\GameEngine.tlog\GameEngine.lastbuildstate"에 연결(touching)하고 있습니다.
     1>"D:\SMGit\Hengine\HEngine\HHH\GameEngine\GameEngine.vcxproj" 프로젝트를 빌드했습니다(Build 대상).

빌드했습니다.
    경고 0개
    오류 0개

경과 시간: 00:00:02.72
