d:\smgit\hengine\hengine\hdirect\x64\debug\hdirect.pdb
d:\smgit\hengine\hengine\hdirect\x64\debug\hdirect.idb
d:\smgit\hengine\hengine\hdirect\hdirect\x64\debug\vertexshader.obj
d:\smgit\hengine\hengine\hdirect\hdirect\x64\debug\vertexbuffer.obj
d:\smgit\hengine\hengine\hdirect\hdirect\x64\debug\swapchain.obj
d:\smgit\hengine\hengine\hdirect\hdirect\x64\debug\pixelshader.obj
d:\smgit\hengine\hengine\hdirect\hdirect\x64\debug\indexbuffer.obj
d:\smgit\hengine\hengine\hdirect\hdirect\x64\debug\graphicsengine.obj
d:\smgit\hengine\hengine\hdirect\hdirect\x64\debug\devicecontext.obj
d:\smgit\hengine\hengine\hdirect\hdirect\x64\debug\depthview.obj
d:\smgit\hengine\hengine\hdirect\hdirect\x64\debug\constantbuffer.obj
d:\smgit\hengine\hengine\hdirect\x64\debug\hdirect.lib
d:\smgit\hengine\hengine\hdirect\hdirect\x64\debug\vc143.idb
d:\smgit\hengine\hengine\hdirect\hdirect\x64\debug\vc143.pdb
d:\smgit\hengine\hengine\hdirect\hdirect\x64\debug\hdirect.tlog\cl.command.1.tlog
d:\smgit\hengine\hengine\hdirect\hdirect\x64\debug\hdirect.tlog\cl.items.tlog
d:\smgit\hengine\hengine\hdirect\hdirect\x64\debug\hdirect.tlog\cl.read.1.tlog
d:\smgit\hengine\hengine\hdirect\hdirect\x64\debug\hdirect.tlog\cl.write.1.tlog
d:\smgit\hengine\hengine\hdirect\hdirect\x64\debug\hdirect.tlog\lib-link.read.1.tlog
d:\smgit\hengine\hengine\hdirect\hdirect\x64\debug\hdirect.tlog\lib-link.write.1.tlog
d:\smgit\hengine\hengine\hdirect\hdirect\x64\debug\hdirect.tlog\lib.command.1.tlog
d:\smgit\hengine\hengine\hdirect\hdirect\x64\debug\hdirect.tlog\link-cvtres.read.1.tlog
d:\smgit\hengine\hengine\hdirect\hdirect\x64\debug\hdirect.tlog\link-cvtres.write.1.tlog
d:\smgit\hengine\hengine\hdirect\hdirect\x64\debug\hdirect.tlog\link-rc.read.1.tlog
d:\smgit\hengine\hengine\hdirect\hdirect\x64\debug\hdirect.tlog\link-rc.write.1.tlog
d:\smgit\hengine\hengine\hdirect\hdirect\x64\debug\hdirect.tlog\link.command.1.tlog
d:\smgit\hengine\hengine\hdirect\hdirect\x64\debug\hdirect.tlog\link.read.1.tlog
d:\smgit\hengine\hengine\hdirect\hdirect\x64\debug\hdirect.tlog\link.read.2.tlog
d:\smgit\hengine\hengine\hdirect\hdirect\x64\debug\hdirect.tlog\link.write.1.tlog
