빌드 시작: 2025-01-17 오후 6:14:08
로깅의 세부 정보 표시가 Normal(으)로 설정되었습니다.     1>2 노드의 "D:\SMGit\Hengine\HEngine\HDirect\HDirect\HDirect.vcxproj" 프로젝트(Build 대상)입니다.
     1>PrepareForBuild:
         구조적 출력을 사용할 수 있습니다. 컴파일러 진단의 서식은 오류 계층 구조를 반영합니다. 자세한 내용은 https://aka.ms/cpp/structured-output을 참조하세요.
       InitializeBuildStatus:
         "AlwaysCreate"이(가) 지정되었기 때문에 "x64\Debug\HDirect.tlog\unsuccessfulbuild"을(를) 만들고 있습니다.
         "x64\Debug\HDirect.tlog\unsuccessfulbuild"에 연결(touching)하고 있습니다.
       ClCompile:
         C:\Program Files\Microsoft Visual Studio\2022\Community\VC\Tools\MSVC\14.38.33130\bin\HostX64\x64\CL.exe /c /ZI /JMC /nologo /W3 /WX- /diagnostics:column /sdl /Od /D _DEBUG /D _CONSOLE /D _MBCS /Gm- /EHsc /RTC1 /MDd /GS /fp:precise /Zc:wchar_t /Zc:forScope /Zc:inline /permissive- /Fo"x64\Debug\\" /Fd"x64\Debug\vc143.pdb" /external:W3 /Gd /TP /FC /errorReport:prompt SwapChain.cpp
         SwapChain.cpp
       Link:
         C:\Program Files\Microsoft Visual Studio\2022\Community\VC\Tools\MSVC\14.38.33130\bin\HostX64\x64\link.exe /ERRORREPORT:PROMPT /OUT:"D:\SMGit\Hengine\HEngine\HDirect\x64\Debug\HDirect.exe" /INCREMENTAL /ILK:"x64\Debug\HDirect.ilk" /NOLOGO d3d11.lib d3dcompiler.lib dxgi.lib kernel32.lib user32.lib gdi32.lib winspool.lib comdlg32.lib advapi32.lib shell32.lib ole32.lib oleaut32.lib uuid.lib odbc32.lib odbccp32.lib /MANIFEST /MANIFESTUAC:"level='asInvoker' uiAccess='false'" /manifest:embed /DEBUG /PDB:"D:\SMGit\Hengine\HEngine\HDirect\x64\Debug\HDirect.pdb" /SUBSYSTEM:CONSOLE /TLBID:1 /DYNAMICBASE /NXCOMPAT /IMPLIB:"D:\SMGit\Hengine\HEngine\HDirect\x64\Debug\HDirect.lib" /MACHINE:X64 x64\Debug\AppWindow.obj
         x64\Debug\GraphicDevice.obj
         x64\Debug\SwapChain.obj
         x64\Debug\Window.obj
         x64\Debug\main.obj
         HDirect.vcxproj -> D:\SMGit\Hengine\HEngine\HDirect\x64\Debug\HDirect.exe
       FinalizeBuildStatus:
         "x64\Debug\HDirect.tlog\unsuccessfulbuild" 파일을 삭제하고 있습니다.
         "x64\Debug\HDirect.tlog\HDirect.lastbuildstate"에 연결(touching)하고 있습니다.
     1>"D:\SMGit\Hengine\HEngine\HDirect\HDirect\HDirect.vcxproj" 프로젝트를 빌드했습니다(Build 대상).

빌드했습니다.
    경고 0개
    오류 0개

경과 시간: 00:00:00.61
