빌드 시작: 2025-04-08 오후 9:12:53
로깅의 세부 정보 표시가 Normal(으)로 설정되었습니다.     1>2 노드의 "D:\SMGit\Hengine\HEngine\HHH\HDirect\HDirect.vcxproj" 프로젝트(Build 대상)입니다.
     1>PrepareForBuild:
         구조적 출력을 사용할 수 있습니다. 컴파일러 진단의 서식은 오류 계층 구조를 반영합니다. 자세한 내용은 https://aka.ms/cpp/structured-output을 참조하세요.
       InitializeBuildStatus:
         "D:\SMGit\Hengine\HEngine\HHH\Bin\x64\Release\HDirect\HDirect.tlog\unsuccessfulbuild"에 연결(touching)하고 있습니다.
       ClCompile:
         C:\Program Files\Microsoft Visual Studio\2022\Community\VC\Tools\MSVC\14.43.34808\bin\HostX64\x64\CL.exe /c /Zi /nologo /W3 /WX- /diagnostics:column /sdl /O2 /Oi /GL /D NDEBUG /D _CONSOLE /D _MBCS /Gm- /EHsc /MD /GS /Gy /fp:precise /Zc:wchar_t /Zc:forScope /Zc:inline /std:c++20 /permissive- /Fo"D:\SMGit\Hengine\HEngine\HHH\Bin\x64\Release\HDirect\\" /Fd"D:\SMGit\Hengine\HEngine\HHH\Bin\x64\Release\HDirect\HDirect.pdb" /external:W3 /Gd /TP /FC /errorReport:prompt DepthView.cpp DeviceContext.cpp EngineHlsl.cpp EngineMesh.cpp GraphicsEngine.cpp InputElement.cpp SwapChain.cpp
         DepthView.cpp
         DeviceContext.cpp
         EngineHlsl.cpp
         EngineMesh.cpp
         GraphicsEngine.cpp
     1>D:\SMGit\Hengine\HEngine\HHH\HDirect\GraphicsEngine.cpp(243,58): warning C4267: '인수': 'size_t'에서 'UINT'(으)로 변환하면서 데이터가 손실될 수 있습니다.
         InputElement.cpp
         SwapChain.cpp
       Lib:
         C:\Program Files\Microsoft Visual Studio\2022\Community\VC\Tools\MSVC\14.43.34808\bin\HostX64\x64\Lib.exe /OUT:"D:\SMGit\Hengine\HEngine\HHH\Bin\x64\Release\HDirect\HDirect.lib" /NOLOGO /MACHINE:X64 /LTCG D:\SMGit\Hengine\HEngine\HHH\Bin\x64\Release\HDirect\DepthView.obj
         D:\SMGit\Hengine\HEngine\HHH\Bin\x64\Release\HDirect\DeviceContext.obj
         D:\SMGit\Hengine\HEngine\HHH\Bin\x64\Release\HDirect\EngineHlsl.obj
         D:\SMGit\Hengine\HEngine\HHH\Bin\x64\Release\HDirect\EngineMesh.obj
         D:\SMGit\Hengine\HEngine\HHH\Bin\x64\Release\HDirect\GraphicDevice.obj
         D:\SMGit\Hengine\HEngine\HHH\Bin\x64\Release\HDirect\GraphicsEngine.obj
         D:\SMGit\Hengine\HEngine\HHH\Bin\x64\Release\HDirect\InputElement.obj
         D:\SMGit\Hengine\HEngine\HHH\Bin\x64\Release\HDirect\SwapChain.obj
     1>EngineHlsl.obj : warning LNK4006: "class std::vector<struct D3D11_INPUT_ELEMENT_DESC,class std::allocator<struct D3D11_INPUT_ELEMENT_DESC> > __cdecl CreateInputLayoutFromHLSL(class std::vector<struct InputElement,class std::allocator<struct InputElement> > const &)" (?CreateInputLayoutFromHLSL@@YA?AV?$vector@UD3D11_INPUT_ELEMENT_DESC@@V?$allocator@UD3D11_INPUT_ELEMENT_DESC@@@std@@@std@@AEBV?$vector@UInputElement@@V?$allocator@UInputElement@@@std@@@2@@Z)이(가) InputElement.obj에 이미 정의되어 있습니다. 초 정의가 무시됩니다.
     1>EngineHlsl.obj : warning LNK4006: "class std::vector<struct InputElement,class std::allocator<struct InputElement> > __cdecl ParseHLSLForInputLayout(class std::basic_string<char,struct std::char_traits<char>,class std::allocator<char> > const &)" (?ParseHLSLForInputLayout@@YA?AV?$vector@UInputElement@@V?$allocator@UInputElement@@@std@@@std@@AEBV?$basic_string@DU?$char_traits@D@std@@V?$allocator@D@2@@2@@Z)이(가) InputElement.obj에 이미 정의되어 있습니다. 초 정의가 무시됩니다.
     1>EngineHlsl.obj : warning LNK4006: "int __cdecl SetOffset(enum DXGI_FORMAT)" (?SetOffset@@YAHW4DXGI_FORMAT@@@Z)이(가) InputElement.obj에 이미 정의되어 있습니다. 초 정의가 무시됩니다.
     1>EngineHlsl.obj : warning LNK4006: "enum DXGI_FORMAT __cdecl GetDXGIFormatFromType(class std::basic_string<char,struct std::char_traits<char>,class std::allocator<char> > const &)" (?GetDXGIFormatFromType@@YA?AW4DXGI_FORMAT@@AEBV?$basic_string@DU?$char_traits@D@std@@V?$allocator@D@2@@std@@@Z)이(가) InputElement.obj에 이미 정의되어 있습니다. 초 정의가 무시됩니다.
         HDirect.vcxproj -> D:\SMGit\Hengine\HEngine\HHH\Bin\x64\Release\HDirect\HDirect.lib
       TlogCleanup:
         프로젝트 또는 빌드에서 제거된 다음 항목을 tlog에서 제거합니다. D:\SMGit\Hengine\HEngine\HHH\HDirect\BufferInfo.cpp
       FinalizeBuildStatus:
         "D:\SMGit\Hengine\HEngine\HHH\Bin\x64\Release\HDirect\HDirect.tlog\unsuccessfulbuild" 파일을 삭제하고 있습니다.
         "D:\SMGit\Hengine\HEngine\HHH\Bin\x64\Release\HDirect\HDirect.tlog\HDirect.lastbuildstate"에 연결(touching)하고 있습니다.
     1>"D:\SMGit\Hengine\HEngine\HHH\HDirect\HDirect.vcxproj" 프로젝트를 빌드했습니다(Build 대상).

빌드했습니다.

       "D:\SMGit\Hengine\HEngine\HHH\HDirect\HDirect.vcxproj"(Build 대상)(1) ->
       (ClCompile 대상) -> 
         D:\SMGit\Hengine\HEngine\HHH\HDirect\GraphicsEngine.cpp(243,58): warning C4267: '인수': 'size_t'에서 'UINT'(으)로 변환하면서 데이터가 손실될 수 있습니다.


       "D:\SMGit\Hengine\HEngine\HHH\HDirect\HDirect.vcxproj"(Build 대상)(1) ->
       (Lib 대상) -> 
         EngineHlsl.obj : warning LNK4006: "class std::vector<struct D3D11_INPUT_ELEMENT_DESC,class std::allocator<struct D3D11_INPUT_ELEMENT_DESC> > __cdecl CreateInputLayoutFromHLSL(class std::vector<struct InputElement,class std::allocator<struct InputElement> > const &)" (?CreateInputLayoutFromHLSL@@YA?AV?$vector@UD3D11_INPUT_ELEMENT_DESC@@V?$allocator@UD3D11_INPUT_ELEMENT_DESC@@@std@@@std@@AEBV?$vector@UInputElement@@V?$allocator@UInputElement@@@std@@@2@@Z)이(가) InputElement.obj에 이미 정의되어 있습니다. 초 정의가 무시됩니다.
         EngineHlsl.obj : warning LNK4006: "class std::vector<struct InputElement,class std::allocator<struct InputElement> > __cdecl ParseHLSLForInputLayout(class std::basic_string<char,struct std::char_traits<char>,class std::allocator<char> > const &)" (?ParseHLSLForInputLayout@@YA?AV?$vector@UInputElement@@V?$allocator@UInputElement@@@std@@@std@@AEBV?$basic_string@DU?$char_traits@D@std@@V?$allocator@D@2@@2@@Z)이(가) InputElement.obj에 이미 정의되어 있습니다. 초 정의가 무시됩니다.
         EngineHlsl.obj : warning LNK4006: "int __cdecl SetOffset(enum DXGI_FORMAT)" (?SetOffset@@YAHW4DXGI_FORMAT@@@Z)이(가) InputElement.obj에 이미 정의되어 있습니다. 초 정의가 무시됩니다.
         EngineHlsl.obj : warning LNK4006: "enum DXGI_FORMAT __cdecl GetDXGIFormatFromType(class std::basic_string<char,struct std::char_traits<char>,class std::allocator<char> > const &)" (?GetDXGIFormatFromType@@YA?AW4DXGI_FORMAT@@AEBV?$basic_string@DU?$char_traits@D@std@@V?$allocator@D@2@@std@@@Z)이(가) InputElement.obj에 이미 정의되어 있습니다. 초 정의가 무시됩니다.

    경고 5개
    오류 0개

경과 시간: 00:00:10.15
