d:\smgit\hengine\hengine\hdirect\x64\debug\window.pdb
d:\smgit\hengine\hengine\hdirect\x64\debug\window.idb
d:\smgit\hengine\hengine\hdirect\window\x64\debug\window.obj
d:\smgit\hengine\hengine\hdirect\window\x64\debug\appwindow.obj
d:\smgit\hengine\hengine\hdirect\x64\debug\window.lib
d:\smgit\hengine\hengine\hdirect\window\x64\debug\vc143.idb
d:\smgit\hengine\hengine\hdirect\window\x64\debug\vc143.pdb
d:\smgit\hengine\hengine\hdirect\window\x64\debug\window.tlog\cl.command.1.tlog
d:\smgit\hengine\hengine\hdirect\window\x64\debug\window.tlog\cl.items.tlog
d:\smgit\hengine\hengine\hdirect\window\x64\debug\window.tlog\cl.read.1.tlog
d:\smgit\hengine\hengine\hdirect\window\x64\debug\window.tlog\cl.write.1.tlog
d:\smgit\hengine\hengine\hdirect\window\x64\debug\window.tlog\lib-link.read.1.tlog
d:\smgit\hengine\hengine\hdirect\window\x64\debug\window.tlog\lib-link.write.1.tlog
d:\smgit\hengine\hengine\hdirect\window\x64\debug\window.tlog\lib.command.1.tlog
d:\smgit\hengine\hengine\hdirect\window\x64\debug\window.tlog\link-cvtres.read.1.tlog
d:\smgit\hengine\hengine\hdirect\window\x64\debug\window.tlog\link-cvtres.write.1.tlog
d:\smgit\hengine\hengine\hdirect\window\x64\debug\window.tlog\link-rc.read.1.tlog
d:\smgit\hengine\hengine\hdirect\window\x64\debug\window.tlog\link-rc.write.1.tlog
d:\smgit\hengine\hengine\hdirect\window\x64\debug\window.tlog\link.command.1.tlog
d:\smgit\hengine\hengine\hdirect\window\x64\debug\window.tlog\link.read.1.tlog
d:\smgit\hengine\hengine\hdirect\window\x64\debug\window.tlog\link.read.2.tlog
d:\smgit\hengine\hengine\hdirect\window\x64\debug\window.tlog\link.write.1.tlog
