빌드 시작: 2025-03-13 오후 9:15:48
로깅의 세부 정보 표시가 Normal(으)로 설정되었습니다.     1>2 노드의 "D:\SMGit\Hengine\HEngine\HHH\GameEngine\GameEngine.vcxproj" 프로젝트(Build 대상)입니다.
     1>PrepareForBuild:
         구조적 출력을 사용할 수 있습니다. 컴파일러 진단의 서식은 오류 계층 구조를 반영합니다. 자세한 내용은 https://aka.ms/cpp/structured-output을 참조하세요.
         "D:\SMGit\Hengine\HEngine\HHH\x64\Debug\" 디렉터리를 만들고 있습니다.
         "x64\Debug\GameEngine.tlog\" 디렉터리를 만들고 있습니다.
       InitializeBuildStatus:
         "AlwaysCreate"이(가) 지정되었기 때문에 "x64\Debug\GameEngine.tlog\unsuccessfulbuild"을(를) 만들고 있습니다.
         "x64\Debug\GameEngine.tlog\unsuccessfulbuild"에 연결(touching)하고 있습니다.
     1>"D:\SMGit\Hengine\HEngine\HHH\GameEngine\GameEngine.vcxproj"(1) 프로젝트가 1 노드에서 "D:\SMGit\Hengine\HEngine\HHH\HDirect\HDirect.vcxproj"(3:3)을(를) 빌드하고 있습니다(GetProjectInfoForReference 대상).
     3>PrepareForBuild:
         구조적 출력을 사용할 수 있습니다. 컴파일러 진단의 서식은 오류 계층 구조를 반영합니다. 자세한 내용은 https://aka.ms/cpp/structured-output을 참조하세요.
     1>"D:\SMGit\Hengine\HEngine\HHH\GameEngine\GameEngine.vcxproj"(1) 프로젝트가 2 노드에서 "D:\SMGit\Hengine\HEngine\HHH\EngineHelper\EngineHelper.vcxproj"(2:3)을(를) 빌드하고 있습니다(GetProjectInfoForReference 대상).
     2>PrepareForBuild:
         구조적 출력을 사용할 수 있습니다. 컴파일러 진단의 서식은 오류 계층 구조를 반영합니다. 자세한 내용은 https://aka.ms/cpp/structured-output을 참조하세요.
     2>"D:\SMGit\Hengine\HEngine\HHH\EngineHelper\EngineHelper.vcxproj" 프로젝트를 빌드했습니다(GetProjectInfoForReference 대상).
     3>"D:\SMGit\Hengine\HEngine\HHH\HDirect\HDirect.vcxproj" 프로젝트를 빌드했습니다(GetProjectInfoForReference 대상).
     1>ClCompile:
         C:\Program Files\Microsoft Visual Studio\2022\Community\VC\Tools\MSVC\14.43.34808\bin\HostX64\x64\CL.exe /c /ZI /JMC /nologo /W3 /WX- /diagnostics:column /sdl /Od /D _DEBUG /D _CONSOLE /D _UNICODE /D UNICODE /Gm- /EHsc /RTC1 /MDd /GS /fp:precise /Zc:wchar_t /Zc:forScope /Zc:inline /permissive- /Fo"x64\Debug\\" /Fd"x64\Debug\vc143.pdb" /external:W3 /Gd /TP /FC /errorReport:prompt GameEngine.cpp
         GameEngine.cpp
       Link:
         C:\Program Files\Microsoft Visual Studio\2022\Community\VC\Tools\MSVC\14.43.34808\bin\HostX64\x64\link.exe /ERRORREPORT:PROMPT /OUT:"D:\SMGit\Hengine\HEngine\HHH\x64\Debug\GameEngine.exe" /INCREMENTAL /ILK:"x64\Debug\GameEngine.ilk" /NOLOGO kernel32.lib user32.lib gdi32.lib winspool.lib comdlg32.lib advapi32.lib shell32.lib ole32.lib oleaut32.lib uuid.lib odbc32.lib odbccp32.lib /MANIFEST /MANIFESTUAC:"level='asInvoker' uiAccess='false'" /manifest:embed /DEBUG /PDB:"D:\SMGit\Hengine\HEngine\HHH\x64\Debug\GameEngine.pdb" /SUBSYSTEM:CONSOLE /TLBID:1 /DYNAMICBASE /NXCOMPAT /IMPLIB:"D:\SMGit\Hengine\HEngine\HHH\x64\Debug\GameEngine.lib" /MACHINE:X64 x64\Debug\GameEngine.obj
         D:\SMGit\Hengine\HEngine\HHH\Bin\x64\Debug\EngineHelper.lib
         D:\SMGit\Hengine\HEngine\HHH\Bin\x64\Debug\HDirect\HDirect.lib
     1>MSVCRTD.lib(exe_main.obj) : error LNK2019: main"int __cdecl invoke_main(void)" (?invoke_main@@YAHXZ) 함수에서 참조되는 확인할 수 없는 외부 기호
     1>D:\SMGit\Hengine\HEngine\HHH\x64\Debug\GameEngine.exe : fatal error LNK1120: 1개의 확인할 수 없는 외부 참조입니다.
     1>"D:\SMGit\Hengine\HEngine\HHH\GameEngine\GameEngine.vcxproj" 프로젝트를 빌드했습니다(Build 대상). - 실패

빌드하지 못했습니다.

       "D:\SMGit\Hengine\HEngine\HHH\GameEngine\GameEngine.vcxproj"(Build 대상)(1) ->
       (Link 대상) -> 
         MSVCRTD.lib(exe_main.obj) : error LNK2019: main"int __cdecl invoke_main(void)" (?invoke_main@@YAHXZ) 함수에서 참조되는 확인할 수 없는 외부 기호
         D:\SMGit\Hengine\HEngine\HHH\x64\Debug\GameEngine.exe : fatal error LNK1120: 1개의 확인할 수 없는 외부 참조입니다.

    경고 0개
    오류 2개

경과 시간: 00:00:00.86
