d:\smgit\hengine\hengine\hdirect\x64\debug\enginecore.pdb
d:\smgit\hengine\hengine\hdirect\x64\debug\enginecore.idb
d:\smgit\hengine\hengine\hdirect\enginecore\x64\debug\enginecore.obj
d:\smgit\hengine\hengine\hdirect\x64\debug\enginecore.lib
d:\smgit\hengine\hengine\hdirect\enginecore\x64\debug\vc143.idb
d:\smgit\hengine\hengine\hdirect\enginecore\x64\debug\vc143.pdb
d:\smgit\hengine\hengine\hdirect\enginecore\x64\debug\enginecore.tlog\cl.command.1.tlog
d:\smgit\hengine\hengine\hdirect\enginecore\x64\debug\enginecore.tlog\cl.items.tlog
d:\smgit\hengine\hengine\hdirect\enginecore\x64\debug\enginecore.tlog\cl.read.1.tlog
d:\smgit\hengine\hengine\hdirect\enginecore\x64\debug\enginecore.tlog\cl.write.1.tlog
d:\smgit\hengine\hengine\hdirect\enginecore\x64\debug\enginecore.tlog\lib-link.read.1.tlog
d:\smgit\hengine\hengine\hdirect\enginecore\x64\debug\enginecore.tlog\lib-link.write.1.tlog
d:\smgit\hengine\hengine\hdirect\enginecore\x64\debug\enginecore.tlog\lib.command.1.tlog
d:\smgit\hengine\hengine\hdirect\enginecore\x64\debug\enginecore.tlog\link-cvtres.read.1.tlog
d:\smgit\hengine\hengine\hdirect\enginecore\x64\debug\enginecore.tlog\link-cvtres.write.1.tlog
d:\smgit\hengine\hengine\hdirect\enginecore\x64\debug\enginecore.tlog\link-rc.read.1.tlog
d:\smgit\hengine\hengine\hdirect\enginecore\x64\debug\enginecore.tlog\link-rc.write.1.tlog
d:\smgit\hengine\hengine\hdirect\enginecore\x64\debug\enginecore.tlog\link.command.1.tlog
d:\smgit\hengine\hengine\hdirect\enginecore\x64\debug\enginecore.tlog\link.read.1.tlog
d:\smgit\hengine\hengine\hdirect\enginecore\x64\debug\enginecore.tlog\link.read.2.tlog
d:\smgit\hengine\hengine\hdirect\enginecore\x64\debug\enginecore.tlog\link.write.1.tlog
